\BOOKMARK [0][-]{section*.2}{\376\377\144\130\000\040\211\201}{}% 1
\BOOKMARK [0][-]{section*.4}{Abstract}{}% 2
\BOOKMARK [0][-]{section*.5}{\376\377\166\356\000\040\137\125}{}% 3
\BOOKMARK [0][-]{section*.7}{\376\377\126\376\137\142\122\027\210\150}{}% 4
\BOOKMARK [0][-]{section*.9}{\376\377\210\150\150\074\122\027\210\150}{}% 5
\BOOKMARK [0][-]{section*.12}{\376\377\177\051\165\145\213\355\213\364\146\016}{}% 6
\BOOKMARK [0][-]{chapter.1}{\376\377\173\054\116\000\172\340\000\040\000\040\176\352\213\272}{}% 7
\BOOKMARK [1][-]{section.1.1}{\376\377\0001\000.\0001\000\040\170\024\172\166\200\314\146\157\116\016\141\017\116\111}{chapter.1}% 8
\BOOKMARK [1][-]{section.1.2}{\376\377\0001\000.\0002\000\040\166\370\121\163\142\200\147\057\170\024\172\166\217\333\134\125}{chapter.1}% 9
\BOOKMARK [1][-]{section.1.3}{\376\377\0001\000.\0003\000\040\170\024\172\166\121\205\133\271\116\016\133\211\143\222}{chapter.1}% 10
\BOOKMARK [0][-]{chapter.2}{\376\377\173\054\116\214\172\340\000\040\000\040\147\072\126\150\133\146\116\140\173\227\154\325\116\000\201\364\145\066\145\133\127\372\170\100\164\006\213\272}{}% 11
\BOOKMARK [1][-]{section.2.1}{\376\377\0002\000.\0001\000\040\137\025\212\000}{chapter.2}% 12
\BOOKMARK [1][-]{section.2.2}{\376\377\0002\000.\0002\000\040\134\006\133\146\116\140\225\356\230\230\137\122\176\246\116\072\147\000\134\017\123\026\176\317\232\214\230\316\226\151\154\333\121\375\225\356\230\230}{chapter.2}% 13
\BOOKMARK [1][-]{section.2.3}{\376\377\0002\000.\0003\000\040\147\011\226\120\121\263\173\126\211\304\122\031\116\013\133\146\116\140\225\356\230\230\116\000\201\364\145\066\145\133\147\141\116\366}{chapter.2}% 14
\BOOKMARK [1][-]{section.2.4}{\376\377\0002\000.\0004\000\040\145\340\226\120\121\263\173\126\211\304\122\031\116\013\133\146\116\140\225\356\230\230\116\000\201\364\145\066\145\133\147\141\116\366}{chapter.2}% 15
\BOOKMARK [1][-]{section.2.5}{\376\377\0002\000.\0005\000\040\147\054\172\340\134\017\176\323}{chapter.2}% 16
\BOOKMARK [0][-]{chapter.3}{\376\377\173\054\116\011\172\340\000\040\000\040\127\372\116\216\116\000\201\364\140\047\230\204\155\113\166\204\145\340\116\272\147\072\226\306\177\244\122\006\174\173\116\015\170\156\133\232\221\317\123\026\170\024\172\166}{}% 17
\BOOKMARK [1][-]{section.3.1}{\376\377\0003\000.\0001\000\040\137\025\212\000}{chapter.3}% 18
\BOOKMARK [1][-]{section.3.2}{\376\377\0003\000.\0002\000\040\116\000\201\364\140\047\230\204\155\113\164\006\213\272\170\024\172\166}{chapter.3}% 19
\BOOKMARK [1][-]{section.3.3}{\376\377\0003\000.\0003\000\040\204\231\137\267\221\314\133\211\116\000\201\364\140\047\230\204\155\113\116\015\170\156\133\232\221\317\123\026\145\271\154\325\170\024\172\166}{chapter.3}% 20
\BOOKMARK [1][-]{section.3.4}{\376\377\0003\000.\0004\000\040\127\372\116\216\204\231\137\267\221\314\133\211\116\000\201\364\140\047\230\204\155\113\166\204\145\340\116\272\147\072\226\306\177\244\122\006\174\173}{chapter.3}% 21
\BOOKMARK [1][-]{section.3.5}{\376\377\0003\000.\0005\000\040\147\054\172\340\134\017\176\323}{chapter.3}% 22
\BOOKMARK [0][-]{chapter.4}{\376\377\173\054\126\333\172\340\000\040\000\040\145\340\116\272\147\072\226\306\177\244\210\114\116\072\145\160\143\156\166\204\122\006\136\003\157\002\171\373\150\300\155\113\145\271\154\325\170\024\172\166}{}% 23
\BOOKMARK [1][-]{section.4.1}{\376\377\0004\000.\0001\000\040\137\025\212\000}{chapter.4}% 24
\BOOKMARK [1][-]{section.4.2}{\376\377\0004\000.\0002\000\040\127\372\116\216\116\000\201\364\140\047\230\204\155\113\166\204\122\006\136\003\157\002\171\373\150\300\155\113\170\024\172\166}{chapter.4}% 25
\BOOKMARK [1][-]{section.4.3}{\376\377\0004\000.\0003\000\040\127\372\116\216\116\000\201\364\140\047\230\204\155\113\166\204\227\205\136\217\122\027\147\204\136\372}{chapter.4}% 26
\BOOKMARK [1][-]{section.4.4}{\376\377\0004\000.\0004\000\040\127\372\116\216\227\205\136\217\122\027\166\204\145\340\116\272\147\072\226\306\177\244\145\160\143\156\122\006\136\003\157\002\171\373\150\300\155\113}{chapter.4}% 27
\BOOKMARK [1][-]{section.4.5}{\376\377\0004\000.\0005\000\040\147\054\172\340\134\017\176\323}{chapter.4}% 28
\BOOKMARK [0][-]{chapter.5}{\376\377\173\054\116\224\172\340\000\040\000\040\127\372\116\216\227\205\117\335\142\244\122\006\136\003\145\271\154\325\166\204\145\340\116\272\147\072\226\306\177\244\210\114\116\072\122\006\174\173\170\024\172\166}{}% 29
\BOOKMARK [1][-]{section.5.1}{\376\377\0005\000.\0001\000\040\137\025\212\000}{chapter.5}% 30
\BOOKMARK [1][-]{section.5.2}{\376\377\0005\000.\0002\000\040\127\372\116\216\116\000\201\364\140\047\230\204\155\113\166\204\227\205\117\335\142\244\122\006\136\003\145\271\154\325\164\006\213\272\170\024\172\166}{chapter.5}% 31
\BOOKMARK [1][-]{section.5.3}{\376\377\0005\000.\0003\000\040\127\372\116\216\116\000\201\364\140\047\230\204\155\113\166\204\227\205\117\335\142\244\122\006\136\003\145\271\150\110\213\276\213\241}{chapter.5}% 32
\BOOKMARK [1][-]{section.5.4}{\376\377\0005\000.\0004\000\040\127\372\116\216\227\205\117\335\142\244\122\006\136\003\145\271\154\325\166\204\145\340\116\272\147\072\226\306\177\244\210\114\116\072\122\006\174\173}{chapter.5}% 33
\BOOKMARK [1][-]{section.5.5}{\376\377\0005\000.\0005\000\040\147\054\172\340\134\017\176\323}{chapter.5}% 34
\BOOKMARK [0][-]{chapter.6}{\376\377\173\054\121\155\172\340\000\040\000\040\117\177\165\050\162\171\147\103\117\341\140\157\133\146\116\140\203\003\137\017\166\204\145\340\116\272\147\072\226\306\177\244\210\114\116\072\122\006\174\173\170\024\172\166}{}% 35
\BOOKMARK [1][-]{section.6.1}{\376\377\0006\000.\0001\000\040\137\025\212\000}{chapter.6}% 36
\BOOKMARK [1][-]{section.6.2}{\376\377\0006\000.\0002\000\040\117\177\165\050\162\171\147\103\117\341\140\157\133\146\116\140\145\271\154\325\166\204\164\006\213\272\170\024\172\166}{chapter.6}% 37
\BOOKMARK [1][-]{section.6.3}{\376\377\0006\000.\0003\000\040\145\340\116\272\147\072\226\306\177\244\117\177\165\050\162\171\147\103\117\341\140\157\133\146\116\140\145\271\150\110\213\276\213\241}{chapter.6}% 38
\BOOKMARK [1][-]{section.6.4}{\376\377\0006\000.\0004\000\040\145\164\117\123\143\317\217\360\117\134\116\072\162\171\147\103\117\341\140\157\122\240\220\037\122\006\174\173\173\227\154\325\145\066\145\133\170\024\172\166}{chapter.6}% 39
\BOOKMARK [1][-]{section.6.5}{\376\377\0006\000.\0005\000\040\147\054\172\340\134\017\176\323}{chapter.6}% 40
\BOOKMARK [0][-]{chapter.7}{\376\377\173\054\116\003\172\340\000\040\000\040\140\073\176\323\116\016\134\125\147\033}{}% 41
\BOOKMARK [1][-]{section.7.1}{\376\377\0007\000.\0001\000\040\213\272\145\207\135\345\117\134\140\073\176\323}{chapter.7}% 42
\BOOKMARK [1][-]{section.7.2}{\376\377\0007\000.\0002\000\040\213\272\145\207\122\033\145\260\160\271}{chapter.7}% 43
\BOOKMARK [1][-]{section.7.3}{\376\377\0007\000.\0003\000\040\213\272\145\207\135\345\117\134\134\125\147\033}{chapter.7}% 44
\BOOKMARK [0][-]{section*.56}{\376\377\123\302\200\003\145\207\163\056}{}% 45
\BOOKMARK [0][-]{chapter*.58}{\376\377\201\364\214\042}{}% 46
\BOOKMARK [0][-]{chapter*.59}{\376\377\117\134\200\005\145\073\213\373\133\146\117\115\147\037\225\364\123\321\210\150\166\204\133\146\147\057\213\272\145\207\116\016\170\024\172\166\142\020\147\234}{}% 47
